SF:lib/src/workmanager.dart
DA:64,2
DA:66,1
DA:71,3
DA:123,0
DA:124,0
DA:125,0
DA:127,0
DA:128,0
DA:129,0
DA:130,0
DA:131,0
DA:134,0
DA:141,0
DA:146,0
DA:147,0
DA:150,0
DA:151,0
DA:153,0
DA:165,0
DA:192,0
DA:194,0
DA:217,0
DA:231,0
DA:233,0
DA:251,0
DA:252,0
DA:254,0
DA:258,0
DA:259,0
DA:261,0
DA:265,0
DA:266,0
DA:271,0
DA:288,0
DA:289,0
DA:290,0
DA:291,0
DA:292,0
DA:293,0
DA:294,0
DA:295,0
DA:296,0
DA:297,0
DA:298,0
DA:299,0
DA:300,0
DA:305,0
DA:306,0
DA:307,0
DA:312,0
DA:313,0
DA:314,0
DA:315,0
DA:316,0
DA:317,0
DA:318,0
DA:319,0
DA:320,0
DA:321,0
DA:322,0
DA:323,0
DA:324,0
DA:328,0
DA:333,0
DA:339,0
DA:340,0
LF:66
LH:3
end_of_record
SF:lib/src/options.dart
DA:96,0
LF:1
LH:0
end_of_record
